{"/Users/sakamototatsuya/Desktop/dev/hono-test/src/sample/test2useHono/index.ts": {"path":"/Users/sakamototatsuya/Desktop/dev/hono-test/src/sample/test2useHono/index.ts","all":false,"statementMap":{"0":{"start":{"line":1,"column":0},"end":{"line":1,"column":28}},"2":{"start":{"line":3,"column":0},"end":{"line":3,"column":40}},"3":{"start":{"line":4,"column":0},"end":{"line":4,"column":31}},"4":{"start":{"line":5,"column":0},"end":{"line":5,"column":3}},"6":{"start":{"line":7,"column":0},"end":{"line":7,"column":19}}},"s":{"0":1,"2":1,"3":1,"4":1,"6":1},"branchMap":{"0":{"type":"branch","line":3,"loc":{"start":{"line":3,"column":32},"end":{"line":5,"column":3}},"locations":[{"start":{"line":3,"column":32},"end":{"line":5,"column":3}}]}},"b":{"0":[1]},"fnMap":{},"f":{}}
}
